|23:37:02 10.12.2019|php2hw/index.php?c=user&act=auth|
|23:37:15 10.12.2019|php2hw/index.php?c=user&act=auth|
|23:37:16 10.12.2019|php2hw/index.php|
|23:37:24 10.12.2019|php2hw/index.php|
|23:37:27 10.12.2019|php2hw/index.php|
|23:38:26 10.12.2019|php2hw/index.php|
|23:38:28 10.12.2019|php2hw/index.php?c=user&act=auth|
|23:38:32 10.12.2019|php2hw/index.php?c=user&act=auth|
|23:38:33 10.12.2019|php2hw/index.php|
|23:38:35 10.12.2019|php2hw/index.php?c=user&act=auth|
|23:38:38 10.12.2019|php2hw/index.php?c=user&act=auth|
|23:39:44 10.12.2019|php2hw/index.php?c=user&act=auth|
|23:41:00 10.12.2019|php2hw/index.php?c=user&act=auth|
|23:41:45 10.12.2019|php2hw/index.php?c=user&act=auth|
|23:43:39 10.12.2019|php2hw/index.php?c=user&act=auth|
|23:43:58 10.12.2019|php2hw/index.php?c=user&act=auth|
|23:44:00 10.12.2019|php2hw/index.php?c=user&act=auth|
|23:44:06 10.12.2019|php2hw/index.php?c=user&act=auth|
|23:44:21 10.12.2019|php2hw/index.php|
|23:44:23 10.12.2019|php2hw/index.php|
|23:44:38 10.12.2019|php2hw/|
|23:46:30 10.12.2019|php2hw/|
|23:48:53 10.12.2019|php2hw/|
|23:50:41 10.12.2019|php2hw/|
|23:50:42 10.12.2019|php2hw/|
|23:50:43 10.12.2019|php2hw/|
|23:51:05 10.12.2019|php2hw/|
|23:51:06 10.12.2019|php2hw/|
|23:51:06 10.12.2019|php2hw/|
|23:51:07 10.12.2019|php2hw/|
|23:51:07 10.12.2019|php2hw/|
|23:51:11 10.12.2019|php2hw/|
|23:51:12 10.12.2019|php2hw/|
|23:51:29 10.12.2019|php2hw/|
|23:52:59 10.12.2019|php2hw/|
|23:53:00 10.12.2019|php2hw/|
|23:53:00 10.12.2019|php2hw/|
|23:53:01 10.12.2019|php2hw/|
|23:53:05 10.12.2019|php2hw/|
|23:53:34 10.12.2019|php2hw/|
|23:53:34 10.12.2019|php2hw/|
|23:53:35 10.12.2019|php2hw/|
|23:53:38 10.12.2019|php2hw/|
|23:53:51 10.12.2019|php2hw/|
|23:53:55 10.12.2019|php2hw/|
|23:54:01 10.12.2019|php2hw/|
|23:54:15 10.12.2019|php2hw/|
|23:54:16 10.12.2019|php2hw/|
|23:54:50 10.12.2019|php2hw/|
|23:55:43 10.12.2019|php2hw/|
|23:55:43 10.12.2019|php2hw/|
|23:55:46 10.12.2019|php2hw/|
|23:57:41 10.12.2019|php2hw/|
|23:57:41 10.12.2019|php2hw/|
|23:57:42 10.12.2019|php2hw/index.php?c=user&act=cabinet|
|23:58:10 10.12.2019|php2hw/index.php?c=user&act=cabinet|
|23:58:12 10.12.2019|php2hw/index.php?c=user&act=cabinet|
|23:58:20 10.12.2019|php2hw/index.php?c=user&act=cabinet|
|23:58:26 10.12.2019|php2hw/index.php?c=user&act=cabinet|
|23:58:30 10.12.2019|php2hw/index.php?c=user&act=cabinet|
|23:58:31 10.12.2019|php2hw/index.php?c=user&act=cabinet|
|23:58:32 10.12.2019|php2hw/index.php?c=user&act=cabinet|
|23:58:36 10.12.2019|php2hw/|
|00:00:13 11.12.2019|php2hw/index.php?c=user&act=auth|
|00:00:16 11.12.2019|php2hw/index.php?c=user&act=auth|
|00:03:13 11.12.2019|php2hw/index.php?c=user&act=auth|
|00:03:14 11.12.2019|php2hw/index.php|
|00:03:29 11.12.2019|php2hw/index.php|
|00:03:39 11.12.2019|php2hw/index.php|
|00:03:55 11.12.2019|php2hw/index.php?c=user&act=cabinet|
|00:03:57 11.12.2019|php2hw/index.php|
|00:03:59 11.12.2019|php2hw/index.php?c=user&act=cabinet|
|00:04:04 11.12.2019|php2hw/index.php|
|00:04:08 11.12.2019|php2hw/index.php|
|00:05:46 11.12.2019|php2hw/index.php|
|00:05:48 11.12.2019|php2hw/index.php?c=user&act=cabinet|
|00:05:58 11.12.2019|php2hw/index.php?c=user&act=cabinet|
|00:06:02 11.12.2019|php2hw/index.php?c=user&act=cabinet|
|00:06:04 11.12.2019|php2hw/index.php?c=user&act=cabinet|
|00:06:05 11.12.2019|php2hw/index.php?c=user&act=cabinet|
|00:06:09 11.12.2019|php2hw/|
|00:06:11 11.12.2019|php2hw/index.php?c=user&act=auth|
|00:06:15 11.12.2019|php2hw/index.php?c=user&act=auth|
|00:06:21 11.12.2019|php2hw/index.php?c=user&act=auth|
|00:06:21 11.12.2019|php2hw/index.php|
|00:06:25 11.12.2019|php2hw/index.php?c=user&act=cabinet|
|00:10:22 11.12.2019|php2hw/index.php?c=user&act=cabinet|
|00:12:35 11.12.2019|php2hw/|
|00:13:26 11.12.2019|php2hw/|
|00:13:32 11.12.2019|php2hw/|
|00:13:33 11.12.2019|php2hw/index.php?c=user&act=auth|
|00:13:36 11.12.2019|php2hw/index.php?c=user&act=auth|
|00:13:36 11.12.2019|php2hw/index.php|
|00:13:43 11.12.2019|php2hw/index.php|
|00:13:46 11.12.2019|php2hw/index.php|
|00:14:06 11.12.2019|php2hw/index.php|
|00:14:07 11.12.2019|php2hw/index.php|
|00:14:07 11.12.2019|php2hw/index.php|
|00:14:07 11.12.2019|php2hw/index.php|
|00:15:20 11.12.2019|php2hw/index.php|
|00:15:21 11.12.2019|php2hw/index.php|
|00:15:23 11.12.2019|php2hw/index.php|
|00:17:43 11.12.2019|php2hw/index.php|
|00:17:43 11.12.2019|php2hw/index.php|
|00:18:41 11.12.2019|php2hw/index.php|
|00:19:43 11.12.2019|php2hw/index.php|
|00:20:24 11.12.2019|php2hw/index.php|
|00:20:25 11.12.2019|php2hw/index.php?c=user&act=cabinet|
|00:20:26 11.12.2019|php2hw/index.php?c=user&act=cabinet|
|00:20:30 11.12.2019|php2hw/index.php?c=user&act=cabinet|
|00:21:05 11.12.2019|php2hw/index.php?c=user&act=cabinet|
|00:21:06 11.12.2019|php2hw/index.php?c=user&act=cabinet|
|00:21:08 11.12.2019|php2hw/index.php?c=user&act=cabinet|
|00:21:09 11.12.2019|php2hw/index.php?c=user&act=auth|
|00:21:14 11.12.2019|php2hw/index.php?c=user&act=auth|
|00:21:44 11.12.2019|php2hw/index.php?c=user&act=auth|
|00:21:49 11.12.2019|php2hw/|
|00:21:53 11.12.2019|php2hw/index.php?c=user&act=cabinet|
|00:21:54 11.12.2019|php2hw/index.php?c=user&act=cabinet|
|00:22:54 11.12.2019|php2hw/index.php?c=user&act=cabinet|
|00:22:55 11.12.2019|php2hw/index.php?c=user&act=cabinet|
|00:22:56 11.12.2019|php2hw/index.php?c=user&act=cabinet|
|00:22:59 11.12.2019|php2hw/|
|00:23:02 11.12.2019|php2hw/index.php?c=user&act=auth|
|00:23:06 11.12.2019|php2hw/index.php?c=user&act=auth|
|00:23:06 11.12.2019|php2hw/index.php|
|00:23:12 11.12.2019|php2hw/index.php?c=user&act=cabinet|
|00:23:13 11.12.2019|php2hw/index.php?c=user&act=cabinet|
|00:23:24 11.12.2019|php2hw/index.php?c=user&act=cabinet|
|00:23:24 11.12.2019|php2hw/index.php?c=user&act=cabinet|
|00:23:27 11.12.2019|php2hw/|
|00:23:52 11.12.2019|php2hw/|
|00:23:54 11.12.2019|php2hw/index.php?c=user&act=auth|
|00:23:57 11.12.2019|php2hw/index.php?c=user&act=auth|
|00:23:58 11.12.2019|php2hw/index.php|
|00:24:00 11.12.2019|php2hw/index.php?c=user&act=cabinet|
|00:24:01 11.12.2019|php2hw/index.php?c=user&act=cabinet|
|00:24:04 11.12.2019|php2hw/|
|00:29:42 11.12.2019|php2hw/|
|00:29:43 11.12.2019|php2hw/index.php?c=user&act=auth|
|00:29:47 11.12.2019|php2hw/index.php?c=user&act=auth|
|00:29:47 11.12.2019|php2hw/index.php|
|00:29:49 11.12.2019|php2hw/index.php?c=user&act=cabinet|
|00:29:50 11.12.2019|php2hw/index.php?c=user&act=destroy|
|00:30:16 11.12.2019|php2hw/index.php?c=user&act=destroy|
|00:30:16 11.12.2019|php2hw/index.php|
|00:30:17 11.12.2019|php2hw/index.php|
|00:30:17 11.12.2019|php2hw/index.php|
|00:30:18 11.12.2019|php2hw/index.php?c=user&act=auth|
|00:30:24 11.12.2019|php2hw/index.php?c=user&act=auth|
|00:30:24 11.12.2019|php2hw/index.php|
|00:30:25 11.12.2019|php2hw/index.php?c=user&act=cabinet|
|00:30:26 11.12.2019|php2hw/index.php?c=user&act=destroy|
|00:30:26 11.12.2019|php2hw/index.php|
|00:30:34 11.12.2019|php2hw/index.php|
|00:31:54 11.12.2019|php2hw/index.php|
|00:31:55 11.12.2019|php2hw/index.php?c=user&act=auth|
|00:31:58 11.12.2019|php2hw/index.php?c=user&act=auth|
|00:32:01 11.12.2019|php2hw/index.php?c=user&act=auth|
|00:32:27 11.12.2019|php2hw/index.php?c=user&act=auth|
|00:32:29 11.12.2019|php2hw/index.php?c=user&act=cabinet|
|00:32:30 11.12.2019|php2hw/index.php?c=user&act=destroy|
|00:32:30 11.12.2019|php2hw/index.php|
|00:32:31 11.12.2019|php2hw/index.php?c=user&act=auth|
|00:32:35 11.12.2019|php2hw/index.php?c=user&act=auth|
|00:34:38 11.12.2019|php2hw/index.php?c=user&act=auth|
|00:34:39 11.12.2019|php2hw/index.php?c=user&act=auth|
|00:34:40 11.12.2019|php2hw/index.php?c=user&act=auth|
|00:34:45 11.12.2019|php2hw/index.php?c=user&act=cabinet|
|00:34:46 11.12.2019|php2hw/index.php?c=user&act=destroy|
|00:34:58 11.12.2019|php2hw/|
|00:35:09 11.12.2019|php2hw/|
|00:35:10 11.12.2019|php2hw/|
|00:37:31 11.12.2019|php2hw/|
|00:37:33 11.12.2019|php2hw/index.php?c=user&act=auth|
|00:37:36 11.12.2019|php2hw/index.php?c=user&act=auth|
|00:37:48 11.12.2019|php2hw/index.php?c=user&act=auth|
|00:37:48 11.12.2019|php2hw/index.php|
|00:38:30 11.12.2019|php2hw/index.php|
|00:38:31 11.12.2019|php2hw/index.php?c=user&act=cabinet|
|00:38:32 11.12.2019|php2hw/index.php?c=user&act=destroy|
|00:38:32 11.12.2019|php2hw/index.php|
|00:38:33 11.12.2019|php2hw/index.php|
|00:38:34 11.12.2019|php2hw/index.php?c=user&act=auth|
|00:38:37 11.12.2019|php2hw/index.php?c=user&act=auth|
|00:38:38 11.12.2019|php2hw/index.php|
|00:39:36 11.12.2019|php2hw/index.php|
|00:39:37 11.12.2019|php2hw/index.php?c=user&act=cabinet|
|00:39:39 11.12.2019|php2hw/index.php?c=user&act=destroy|
|00:39:39 11.12.2019|php2hw/index.php|
|00:39:40 11.12.2019|php2hw/index.php?c=user&act=auth|
|00:39:43 11.12.2019|php2hw/index.php?c=user&act=auth|
|00:39:43 11.12.2019|php2hw/index.php|
|00:40:17 11.12.2019|php2hw/index.php|
|00:40:19 11.12.2019|php2hw/index.php?c=user&act=cabinet|
|00:40:20 11.12.2019|php2hw/index.php?c=user&act=destroy|
|00:40:20 11.12.2019|php2hw/index.php|
|00:41:05 11.12.2019|php2hw/index.php|
|00:41:07 11.12.2019|php2hw/index.php?page=product1|
|00:41:15 11.12.2019|php2hw/index.php|
|00:41:18 11.12.2019|php2hw/index.php?page=product2|
|00:41:20 11.12.2019|php2hw/index.php|
|00:41:22 11.12.2019|php2hw/index.php?page=product1|
|00:41:24 11.12.2019|php2hw/index.php|
|00:42:05 11.12.2019|php2hw/index.php|
|00:42:10 11.12.2019|php2hw/index.php?c=user&act=auth|
|00:42:12 11.12.2019|php2hw/index.php?c=user&act=register|
|00:42:14 11.12.2019|php2hw/index.php?c=user&act=auth|
|00:42:15 11.12.2019|php2hw/index.php?c=user&act=register|
|00:44:09 11.12.2019|php2hw/index.php?c=user&act=register|
|00:44:21 11.12.2019|php2hw/index.php?c=user&act=register|
|00:44:21 11.12.2019|php2hw/index.php?c=user&act=register|
|00:44:34 11.12.2019|php2hw/index.php?c=user&act=register|
|00:44:52 11.12.2019|php2hw/index.php?c=user&act=register|
|00:44:56 11.12.2019|php2hw/index.php?c=user&act=register|
|00:45:01 11.12.2019|php2hw/index.php?c=user&act=auth|
|00:45:02 11.12.2019|php2hw/index.php?c=user&act=register|
|00:45:07 11.12.2019|php2hw/index.php?c=user&act=register|
|00:45:37 11.12.2019|php2hw/index.php?c=user&act=register|
|00:45:40 11.12.2019|php2hw/index.php?c=user&act=register|
|00:46:19 11.12.2019|php2hw/index.php?c=user&act=register|
|00:46:26 11.12.2019|php2hw/index.php?c=user&act=register|
|00:47:10 11.12.2019|php2hw/index.php?c=user&act=register|
|00:47:48 11.12.2019|php2hw/index.php?c=user&act=register|
|00:47:58 11.12.2019|php2hw/index.php?c=user&act=register|
|00:48:57 11.12.2019|php2hw/index.php?c=user&act=register|
|00:49:03 11.12.2019|php2hw/index.php?c=user&act=register|
|00:50:16 11.12.2019|php2hw/index.php?c=user&act=register|
|00:51:18 11.12.2019|php2hw/index.php?c=user&act=register|
|00:51:25 11.12.2019|php2hw/index.php?c=user&act=register|
|00:51:32 11.12.2019|php2hw/index.php?c=user&act=register|
|00:51:42 11.12.2019|php2hw/index.php?c=user&act=register|
|00:51:51 11.12.2019|php2hw/index.php?c=user&act=register|
|00:52:14 11.12.2019|php2hw/index.php?c=user&act=register|
|00:52:23 11.12.2019|php2hw/index.php?c=user&act=register|
|00:52:36 11.12.2019|php2hw/index.php?c=user&act=register|
|00:52:53 11.12.2019|php2hw/index.php?c=user&act=register|
|00:53:01 11.12.2019|php2hw/index.php?c=user&act=register|
|00:53:02 11.12.2019|php2hw/index.php?c=user&act=register|
|00:53:17 11.12.2019|php2hw/index.php?c=user&act=register|
|00:53:18 11.12.2019|php2hw/index.php?c=user&act=register|
|00:53:41 11.12.2019|php2hw/index.php?c=user&act=register|
|00:53:53 11.12.2019|php2hw/index.php?c=user&act=register|
|00:54:01 11.12.2019|php2hw/index.php?c=user&act=register|
|00:54:10 11.12.2019|php2hw/index.php?c=user&act=register|
|00:54:10 11.12.2019|php2hw/index.php?c=user&act=register|
|00:54:17 11.12.2019|php2hw/index.php?c=user&act=register|
|00:54:52 11.12.2019|php2hw/index.php?c=user&act=register|
|00:55:01 11.12.2019|php2hw/index.php?c=user&act=register|
|00:55:24 11.12.2019|php2hw/index.php?c=user&act=register|
|00:55:27 11.12.2019|php2hw/index.php?c=user&act=register|
|00:55:28 11.12.2019|php2hw/index.php?c=user&act=register|
|00:55:33 11.12.2019|php2hw/index.php?c=user&act=register|
|00:55:36 11.12.2019|php2hw/index.php?c=user&act=register|
|00:55:38 11.12.2019|php2hw/index.php?c=user&act=register|
|00:56:04 11.12.2019|php2hw/index.php?c=user&act=register|
|00:56:08 11.12.2019|php2hw/index.php?c=user&act=register|
|00:56:15 11.12.2019|php2hw/|
|00:56:16 11.12.2019|php2hw/|
|00:56:22 11.12.2019|php2hw/index.php?c=user&act=register|
|00:56:43 11.12.2019|php2hw/index.php?c=user&act=register|
|00:57:05 11.12.2019|php2hw/index.php?c=user&act=register|
|00:57:06 11.12.2019|php2hw/index.php?c=user&act=register|
|00:57:06 11.12.2019|php2hw/index.php?c=user&act=register|
|00:57:06 11.12.2019|php2hw/index.php?c=user&act=register|
|00:57:31 11.12.2019|php2hw/index.php?c=user&act=register|
|00:57:46 11.12.2019|php2hw/index.php?c=user&act=register|
|00:57:59 11.12.2019|php2hw/index.php?c=user&act=register|
|00:58:07 11.12.2019|php2hw/index.php?c=user&act=register|
|00:58:12 11.12.2019|php2hw/index.php?c=user&act=register|
|00:58:36 11.12.2019|php2hw/index.php?c=user&act=register|
|00:58:37 11.12.2019|php2hw/index.php?c=user&act=register|
|00:59:00 11.12.2019|php2hw/index.php?c=user&act=register|
|00:59:09 11.12.2019|php2hw/index.php?c=user&act=register|
|00:59:25 11.12.2019|php2hw/index.php?c=user&act=register|
|01:00:49 11.12.2019|php2hw/index.php?c=user&act=register|
|01:00:50 11.12.2019|php2hw/index.php?c=user&act=register|
|01:00:51 11.12.2019|php2hw/index.php?c=user&act=register|
|01:01:18 11.12.2019|php2hw/|
|01:01:19 11.12.2019|php2hw/|
|01:01:22 11.12.2019|php2hw/index.php?c=user&act=register|
|01:03:55 11.12.2019|php2hw/index.php?c=user&act=register|
|01:03:56 11.12.2019|php2hw/index.php?c=user&act=register|
|01:03:56 11.12.2019|php2hw/index.php?c=user&act=register|
|01:03:57 11.12.2019|php2hw/index.php?c=user&act=register|
|01:04:03 11.12.2019|php2hw/index.php?c=user&act=register|
|01:04:05 11.12.2019|php2hw/index.php?c=user&act=register|
|01:04:05 11.12.2019|php2hw/index.php?c=user&act=register|
|01:04:06 11.12.2019|php2hw/index.php?c=user&act=register|
|01:04:27 11.12.2019|php2hw/index.php?c=user&act=register|
|01:04:30 11.12.2019|php2hw/index.php?c=user&act=register|
|01:07:13 11.12.2019|php2hw/index.php?c=user&act=register|
|01:07:18 11.12.2019|php2hw/index.php?c=user&act=register|
|01:07:50 11.12.2019|php2hw/index.php?c=user&act=register|
|01:07:51 11.12.2019|php2hw/index.php?c=user&act=register|
|01:07:52 11.12.2019|php2hw/index.php?c=user&act=register|
|01:08:12 11.12.2019|php2hw/index.php?c=user&act=register|
|01:08:17 11.12.2019|php2hw/index.php?c=user&act=register|
|01:08:20 11.12.2019|php2hw/index.php?c=user&act=register|
|01:08:26 11.12.2019|php2hw/index.php?c=user&act=register|
|01:08:34 11.12.2019|php2hw/index.php?c=user&act=register|
|01:08:36 11.12.2019|php2hw/index.php?c=user&act=register|
|01:08:37 11.12.2019|php2hw/index.php?c=user&act=register|
|01:08:37 11.12.2019|php2hw/index.php?c=user&act=register|
|01:08:47 11.12.2019|php2hw/index.php?c=user&act=register|
|01:09:05 11.12.2019|php2hw/index.php?c=user&act=register|
|01:09:06 11.12.2019|php2hw/index.php?c=user&act=register|
|01:09:21 11.12.2019|php2hw/index.php?c=user&act=register|
|01:10:00 11.12.2019|php2hw/index.php?c=user&act=register|
|01:10:00 11.12.2019|php2hw/index.php?c=user&act=register|
|01:10:01 11.12.2019|php2hw/index.php?c=user&act=register|
|01:10:01 11.12.2019|php2hw/index.php?c=user&act=register|
|01:10:28 11.12.2019|php2hw/index.php?c=user&act=register|
|01:10:30 11.12.2019|php2hw/index.php?c=user&act=register|
|01:10:32 11.12.2019|php2hw/index.php?c=user&act=register|
|01:10:33 11.12.2019|php2hw/index.php?c=user&act=register|
|01:10:33 11.12.2019|php2hw/index.php?c=user&act=register|
|01:10:34 11.12.2019|php2hw/index.php?c=user&act=register|
|01:10:34 11.12.2019|php2hw/index.php?c=user&act=register|
|01:10:34 11.12.2019|php2hw/index.php?c=user&act=register|
|01:10:34 11.12.2019|php2hw/index.php?c=user&act=register|
|01:10:36 11.12.2019|php2hw/index.php?c=user&act=register|
|01:11:29 11.12.2019|php2hw/index.php?c=user&act=register|
|01:11:45 11.12.2019|php2hw/index.php?c=user&act=register|
|01:11:53 11.12.2019|php2hw/index.php?c=user&act=register|
|01:12:01 11.12.2019|php2hw/index.php?c=user&act=register|
|01:12:02 11.12.2019|php2hw/index.php?c=user&act=register|
|01:12:05 11.12.2019|php2hw/index.php?c=user&act=register|
|01:12:06 11.12.2019|php2hw/index.php?c=user&act=register|
|01:12:22 11.12.2019|php2hw/index.php?c=user&act=register|
|01:12:46 11.12.2019|php2hw/|
|01:12:46 11.12.2019|php2hw/|
|01:12:54 11.12.2019|php2hw/index.php?c=user&act=auth|
|01:12:57 11.12.2019|php2hw/index.php?c=user&act=auth|
|01:13:04 11.12.2019|php2hw/index.php?c=user&act=auth|
|01:13:04 11.12.2019|php2hw/index.php|
|20:44:51 11.12.2019|php2hw/index.php|
|20:45:21 11.12.2019|php2hw/index.php|
|20:47:21 11.12.2019|php2hw/index.php|
|20:48:32 11.12.2019|php2hw/index.php|
|20:48:37 11.12.2019|php2hw/index.php|
|20:49:57 11.12.2019|php2hw/index.php|
|20:51:05 11.12.2019|php2hw/index.php|
|20:51:09 11.12.2019|php2hw/index.php|
|20:51:24 11.12.2019|php2hw/index.php|
|20:51:31 11.12.2019|php2hw/index.php|
|20:52:42 11.12.2019|php2hw/index.php|
|20:52:47 11.12.2019|php2hw/index.php|
|20:54:02 11.12.2019|php2hw/index.php|
|20:56:29 11.12.2019|php2hw/index.php|
|20:56:35 11.12.2019|php2hw/index.php|
|20:57:40 11.12.2019|php2hw/index.php|
|20:57:50 11.12.2019|php2hw/index.php|
|20:58:00 11.12.2019|php2hw/index.php|
|21:21:35 11.12.2019|php2hw/index.php|
|21:23:45 11.12.2019|php2hw/index.php|
|21:23:46 11.12.2019|php2hw/index.php|
|21:23:48 11.12.2019|php2hw/index.php|
|21:23:49 11.12.2019|php2hw/index.php|
|21:29:02 11.12.2019|php2hw/index.php|
|21:30:02 11.12.2019|php2hw/index.php|
|21:30:06 11.12.2019|php2hw/index.php|
|21:33:10 11.12.2019|php2hw/index.php|
|21:33:18 11.12.2019|php2hw/index.php|
|21:33:39 11.12.2019|php2hw/index.php|
|21:34:43 11.12.2019|php2hw/index.php|
|21:34:44 11.12.2019|php2hw/index.php|
|21:34:44 11.12.2019|php2hw/index.php|
|21:35:26 11.12.2019|php2hw/index.php|
|21:39:55 11.12.2019|php2hw/index.php?page=product3|
|21:39:56 11.12.2019|php2hw/index.php?page=product3|
|21:40:01 11.12.2019|php2hw/index.php?page=product3|
|21:40:10 11.12.2019|php2hw/index.php?page=product3|
|21:40:14 11.12.2019|php2hw/|
|21:40:21 11.12.2019|php2hw/|
|21:53:09 11.12.2019|php2hw/|
|21:53:15 11.12.2019|php2hw/|
|21:53:18 11.12.2019|php2hw/index.php?c=user&act=cabinet|
|21:53:19 11.12.2019|php2hw/index.php?c=user&act=destroy|
|21:53:19 11.12.2019|php2hw/index.php|
|21:53:35 11.12.2019|php2hw/index.php|
|21:54:35 11.12.2019|php2hw/index.php|
|21:54:50 11.12.2019|php2hw/index.php|
|21:54:55 11.12.2019|php2hw/index.php|
|21:55:06 11.12.2019|php2hw/index.php|
|21:55:12 11.12.2019|php2hw/index.php|
|21:55:27 11.12.2019|php2hw/index.php|
|21:56:05 11.12.2019|php2hw/index.php|
|21:56:14 11.12.2019|php2hw/index.php|
|21:56:26 11.12.2019|php2hw/index.php|
|22:00:15 11.12.2019|php2hw/index.php|
|22:00:28 11.12.2019|php2hw/index.php|
|22:00:36 11.12.2019|php2hw/index.php|
|22:00:56 11.12.2019|php2hw/index.php|
|22:01:17 11.12.2019|php2hw/index.php|
|22:01:19 11.12.2019|php2hw/index.php|
|22:01:44 11.12.2019|php2hw/index.php|
|22:02:12 11.12.2019|php2hw/index.php|
|22:03:00 11.12.2019|php2hw/index.php?page=product3|
|22:03:00 11.12.2019|php2hw/index.php|
|22:03:05 11.12.2019|php2hw/index.php|
|22:03:50 11.12.2019|php2hw/index.php|
|22:04:05 11.12.2019|php2hw/index.php|
|22:04:07 11.12.2019|php2hw/index.php|
|22:04:08 11.12.2019|php2hw/index.php|
|22:04:13 11.12.2019|php2hw/index.php|
|22:04:14 11.12.2019|php2hw/index.php|
|22:04:15 11.12.2019|php2hw/index.php|
|22:04:16 11.12.2019|php2hw/index.php|
|22:04:18 11.12.2019|php2hw/index.php|
|22:04:19 11.12.2019|php2hw/index.php|
|22:04:21 11.12.2019|php2hw/index.php|
|22:04:22 11.12.2019|php2hw/index.php|
|22:04:24 11.12.2019|php2hw/index.php|
|22:04:58 11.12.2019|php2hw/index.php|
|22:05:00 11.12.2019|php2hw/index.php|
|22:05:01 11.12.2019|php2hw/index.php|
|22:05:14 11.12.2019|php2hw/index.php|
|22:05:23 11.12.2019|php2hw/index.php|
|22:09:07 11.12.2019|php2hw/|
|22:09:16 11.12.2019|php2hw/|
|22:09:31 11.12.2019|php2hw/|
|22:09:35 11.12.2019|php2hw/|
|22:09:37 11.12.2019|php2hw/|
|22:09:42 11.12.2019|php2hw/|
|22:09:43 11.12.2019|php2hw/|
|22:10:09 11.12.2019|php2hw/|
|22:10:09 11.12.2019|php2hw/|
|22:10:30 11.12.2019|php2hw/|
|22:10:30 11.12.2019|php2hw/|
|22:10:31 11.12.2019|php2hw/|
|22:10:31 11.12.2019|php2hw/|
|22:10:32 11.12.2019|php2hw/|
|22:10:32 11.12.2019|php2hw/|
|22:10:32 11.12.2019|php2hw/|
|22:10:33 11.12.2019|php2hw/|
|22:10:53 11.12.2019|php2hw/|
|22:11:16 11.12.2019|php2hw/|
|22:11:17 11.12.2019|php2hw/|
|22:11:21 11.12.2019|php2hw/|
|22:11:42 11.12.2019|php2hw/|
|22:11:58 11.12.2019|php2hw/|
|22:11:59 11.12.2019|php2hw/|
|22:12:04 11.12.2019|php2hw/|
|22:12:13 11.12.2019|php2hw/|
|22:12:14 11.12.2019|php2hw/|
|22:12:20 11.12.2019|php2hw/|
|22:12:38 11.12.2019|php2hw/|
|22:12:46 11.12.2019|php2hw/|
|22:12:47 11.12.2019|php2hw/|
|22:12:50 11.12.2019|php2hw/|
|22:12:53 11.12.2019|php2hw/|
|22:14:58 11.12.2019|php2hw/index.php?page=product4|
|22:15:00 11.12.2019|php2hw/index.php?page=product4|
|22:15:10 11.12.2019|php2hw/index.php?page=product4|
|22:15:17 11.12.2019|php2hw/|
|22:15:29 11.12.2019|php2hw/|
|22:15:44 11.12.2019|php2hw/|
|22:15:49 11.12.2019|php2hw/|
|22:16:03 11.12.2019|php2hw/|
|22:16:26 11.12.2019|php2hw/|
|22:16:28 11.12.2019|php2hw/|
|22:16:29 11.12.2019|php2hw/|
|22:16:31 11.12.2019|php2hw/index.php?c=user&act=auth|
|22:16:35 11.12.2019|php2hw/index.php?c=user&act=auth|
|22:16:36 11.12.2019|php2hw/index.php|
|22:16:38 11.12.2019|php2hw/index.php?c=user&act=cabinet|
|22:16:39 11.12.2019|php2hw/index.php?c=user&act=destroy|
|22:16:42 11.12.2019|php2hw/index.php?c=user&act=destroy|
|22:16:42 11.12.2019|php2hw/index.php|
|22:16:43 11.12.2019|php2hw/index.php|
|22:16:44 11.12.2019|php2hw/index.php|
|22:16:52 11.12.2019|php2hw/index.php|
|22:16:56 11.12.2019|php2hw/index.php|
|22:16:57 11.12.2019|php2hw/index.php|
|22:16:58 11.12.2019|php2hw/index.php|
|22:16:58 11.12.2019|php2hw/index.php|
|22:16:58 11.12.2019|php2hw/index.php|
|22:16:58 11.12.2019|php2hw/index.php|
|22:17:28 11.12.2019|php2hw/index.php|
|22:17:29 11.12.2019|php2hw/index.php|
|22:17:41 11.12.2019|php2hw/|
|22:17:45 11.12.2019|php2hw/|
|22:17:55 11.12.2019|php2hw/|
|22:18:00 11.12.2019|php2hw/|
|22:18:12 11.12.2019|php2hw/|
|22:18:25 11.12.2019|php2hw/|
|22:19:55 11.12.2019|php2hw/|
|22:20:16 11.12.2019|php2hw/|
|22:20:33 11.12.2019|php2hw/|
|22:20:43 11.12.2019|php2hw/|
|22:21:13 11.12.2019|php2hw/|
|22:21:18 11.12.2019|php2hw/|
|22:21:19 11.12.2019|php2hw/|
|22:22:49 11.12.2019|php2hw/|
|22:22:54 11.12.2019|php2hw/|
|22:26:28 11.12.2019|php2hw/|
|22:26:42 11.12.2019|php2hw/|
|22:27:11 11.12.2019|php2hw/|
|22:27:12 11.12.2019|php2hw/|
|22:27:34 11.12.2019|php2hw/|
|22:27:55 11.12.2019|php2hw/|
|22:28:01 11.12.2019|php2hw/|
|22:28:02 11.12.2019|php2hw/|
|22:28:03 11.12.2019|php2hw/|
|22:28:04 11.12.2019|php2hw/|
|22:28:05 11.12.2019|php2hw/|
|22:28:26 11.12.2019|php2hw/|
|22:29:09 11.12.2019|php2hw/|
|22:29:27 11.12.2019|php2hw/|
|22:30:14 11.12.2019|php2hw/|
|22:31:10 11.12.2019|php2hw/|
|22:33:14 11.12.2019|php2hw/|
|22:33:23 11.12.2019|php2hw/|
|22:34:53 11.12.2019|php2hw/|
|22:35:28 11.12.2019|php2hw/|
|22:35:41 11.12.2019|php2hw/|
|22:35:43 11.12.2019|php2hw/|
|22:35:43 11.12.2019|php2hw/|
|22:35:44 11.12.2019|php2hw/|
|22:35:46 11.12.2019|php2hw/|
|22:36:14 11.12.2019|php2hw/|
|22:36:17 11.12.2019|php2hw/|
|22:37:13 11.12.2019|php2hw/index.php?c=user&act=auth|
|22:37:20 11.12.2019|php2hw/|
|22:38:49 11.12.2019|php2hw/|
|22:38:53 11.12.2019|php2hw/index.php?c=user&act=auth|
|22:38:56 11.12.2019|php2hw/|
|22:38:57 11.12.2019|php2hw/|
|22:39:00 11.12.2019|php2hw/|
|22:39:02 11.12.2019|php2hw/|
|22:39:04 11.12.2019|php2hw/|
|22:39:05 11.12.2019|php2hw/|
|22:39:31 11.12.2019|php2hw/|
|22:39:37 11.12.2019|php2hw/|
|22:40:37 11.12.2019|php2hw/|
|22:40:40 11.12.2019|php2hw/|
|22:40:41 11.12.2019|php2hw/|
|22:40:57 11.12.2019|php2hw/|
|22:40:59 11.12.2019|php2hw/|
|22:41:21 11.12.2019|php2hw/|
|22:43:22 11.12.2019|php2hw/|
|22:43:36 11.12.2019|php2hw/|
|22:44:34 11.12.2019|php2hw/|
|22:45:20 11.12.2019|php2hw/|
|22:45:35 11.12.2019|php2hw/|
|22:46:17 11.12.2019|php2hw/|
|22:46:19 11.12.2019|php2hw/|
|22:48:25 11.12.2019|php2hw/|
|22:48:33 11.12.2019|php2hw/|
|22:49:50 11.12.2019|php2hw/|
|22:52:50 11.12.2019|php2hw/|
|22:53:03 11.12.2019|php2hw/|
|22:53:10 11.12.2019|php2hw/|
|22:53:19 11.12.2019|php2hw/|
|22:53:22 11.12.2019|php2hw/|
|22:54:18 11.12.2019|php2hw/index.php?c=user&act=auth|
|22:54:22 11.12.2019|php2hw/|
|22:54:34 11.12.2019|php2hw/|
|22:55:46 11.12.2019|php2hw/|
|22:56:19 11.12.2019|php2hw/|
|22:56:37 11.12.2019|php2hw/|
|22:56:38 11.12.2019|php2hw/|
|22:56:55 11.12.2019|php2hw/|
|22:57:01 11.12.2019|php2hw/|
|22:57:03 11.12.2019|php2hw/|
|22:57:06 11.12.2019|php2hw/|
|22:57:19 11.12.2019|php2hw/|
|22:57:20 11.12.2019|php2hw/|
|22:57:29 11.12.2019|php2hw/|
|22:57:37 11.12.2019|php2hw/|
|22:57:55 11.12.2019|php2hw/|
|22:58:40 11.12.2019|php2hw/|
|22:58:51 11.12.2019|php2hw/|
|22:58:52 11.12.2019|php2hw/|
|22:59:01 11.12.2019|php2hw/|
|22:59:07 11.12.2019|php2hw/|
|22:59:19 11.12.2019|php2hw/|
|22:59:56 11.12.2019|php2hw/|
|23:00:23 11.12.2019|php2hw/|
|23:00:36 11.12.2019|php2hw/|
|23:00:42 11.12.2019|php2hw/|
|23:01:10 11.12.2019|php2hw/|
|23:01:16 11.12.2019|php2hw/|
|23:01:31 11.12.2019|php2hw/|
|23:01:33 11.12.2019|php2hw/|
|23:01:36 11.12.2019|php2hw/|
|23:01:38 11.12.2019|php2hw/|
|23:01:39 11.12.2019|php2hw/|
|23:01:40 11.12.2019|php2hw/|
|23:01:41 11.12.2019|php2hw/|
|23:01:42 11.12.2019|php2hw/|
|23:02:48 11.12.2019|php2hw/|
|23:02:48 11.12.2019|php2hw/|
|23:02:49 11.12.2019|php2hw/|
|23:02:50 11.12.2019|php2hw/|
|23:02:51 11.12.2019|php2hw/|
|23:02:51 11.12.2019|php2hw/|
|23:02:52 11.12.2019|php2hw/|
|23:02:52 11.12.2019|php2hw/|
|23:02:54 11.12.2019|php2hw/|
|23:02:54 11.12.2019|php2hw/|
|23:11:03 11.12.2019|php2hw/|
|23:11:36 11.12.2019|php2hw/|
|23:12:16 11.12.2019|php2hw/|
|23:12:17 11.12.2019|php2hw/index.php?c=cart&act=cart|
|23:12:20 11.12.2019|php2hw/|
|23:12:41 11.12.2019|php2hw/|
|23:12:42 11.12.2019|php2hw/index.php?c=cart&act=cart|
|23:12:47 11.12.2019|php2hw/|
|23:12:51 11.12.2019|php2hw/index.php?c=cart&act=cart|
|23:13:13 11.12.2019|php2hw/index.php?c=cart&act=cart|
|23:13:21 11.12.2019|php2hw/index.php?c=cart&act=cart|
|23:13:42 11.12.2019|php2hw/index.php?c=cart&act=cart|
|23:14:20 11.12.2019|php2hw/index.php?c=cart&act=cart|
|23:14:20 11.12.2019|php2hw/index.php?c=cart&act=cart|
|23:15:25 11.12.2019|php2hw/index.php?c=cart&act=cart|
|23:15:28 11.12.2019|php2hw/index.php?c=cart&act=cart|
|23:15:48 11.12.2019|php2hw/index.php?c=cart&act=cart|
|23:15:49 11.12.2019|php2hw/index.php?c=cart&act=cart|
|23:15:53 11.12.2019|php2hw/index.php?c=cart&act=cart|
|23:15:54 11.12.2019|php2hw/index.php?c=cart&act=cart|
|23:15:56 11.12.2019|php2hw/index.php?c=cart&act=cart|
|23:16:08 11.12.2019|php2hw/index.php?c=cart&act=cart|
|23:16:10 11.12.2019|php2hw/index.php?c=cart&act=cart|
|23:16:21 11.12.2019|php2hw/index.php?c=cart&act=cart|
|23:16:41 11.12.2019|php2hw/index.php?c=cart&act=cart|
|23:16:42 11.12.2019|php2hw/index.php?c=cart&act=cart|
|23:16:45 11.12.2019|php2hw/index.php?c=cart&act=cart|
|23:16:53 11.12.2019|php2hw/index.php?c=cart&act=cart|
|23:16:54 11.12.2019|php2hw/index.php?c=cart&act=cart|
|23:16:55 11.12.2019|php2hw/index.php?c=cart&act=cart|
|23:17:27 11.12.2019|php2hw/index.php?c=cart&act=cart|
|23:17:49 11.12.2019|php2hw/index.php?c=cart&act=cart|
|23:17:51 11.12.2019|php2hw/index.php?c=cart&act=cart|
|23:17:51 11.12.2019|php2hw/index.php?c=cart&act=cart|
|23:18:36 11.12.2019|php2hw/index.php?c=cart&act=cart|
|23:18:37 11.12.2019|php2hw/index.php?c=cart&act=cart|
|23:18:52 11.12.2019|php2hw/index.php?c=cart&act=cart|
|23:19:35 11.12.2019|php2hw/index.php?c=cart&act=cart|
|23:19:36 11.12.2019|php2hw/index.php?c=cart&act=cart|
|23:20:05 11.12.2019|php2hw/index.php?c=cart&act=cart|
|23:20:31 11.12.2019|php2hw/index.php?c=cart&act=cart|
|23:20:50 11.12.2019|php2hw/index.php?c=cart&act=cart|
|23:20:50 11.12.2019|php2hw/index.php?c=cart&act=cart|
|23:20:53 11.12.2019|php2hw/index.php?c=cart&act=cart|
|23:21:02 11.12.2019|php2hw/index.php?c=cart&act=cart|
|23:21:31 11.12.2019|php2hw/index.php?c=cart&act=cart|
|23:22:46 11.12.2019|php2hw/index.php?c=cart&act=cart|
|23:23:40 11.12.2019|php2hw/index.php?c=cart&act=cart|
|23:23:42 11.12.2019|php2hw/index.php?c=cart&act=cart|
|23:23:50 11.12.2019|php2hw/index.php?c=cart&act=cart|
|23:23:55 11.12.2019|php2hw/index.php?c=cart&act=cart|
|23:23:58 11.12.2019|php2hw/index.php?c=cart&act=cart|
|23:24:09 11.12.2019|php2hw/index.php?c=cart&act=cart|
|23:24:16 11.12.2019|php2hw/index.php?c=cart&act=cart|
|23:24:17 11.12.2019|php2hw/index.php?c=cart&act=cart|
|23:24:26 11.12.2019|php2hw/index.php?c=cart&act=cart|
|23:24:58 11.12.2019|php2hw/index.php?c=cart&act=cart|
|23:24:58 11.12.2019|php2hw/index.php?c=cart&act=cart|
|23:25:07 11.12.2019|php2hw/index.php?c=cart&act=cart|
|23:26:13 11.12.2019|php2hw/index.php?c=cart&act=cart|
|23:26:15 11.12.2019|php2hw/index.php|
|23:26:22 11.12.2019|php2hw/index.php?page=product3|
|23:26:24 11.12.2019|php2hw/index.php|
|23:26:25 11.12.2019|php2hw/index.php|
|23:26:28 11.12.2019|php2hw/index.php|
|23:26:49 11.12.2019|php2hw/index.php?c=cart&act=cart|
|23:29:48 11.12.2019|php2hw/index.php?c=cart&act=cart|
|23:29:57 11.12.2019|php2hw/index.php?c=cart&act=cart|
|23:34:48 11.12.2019|php2hw/index.php?c=cart&act=cart|
|23:35:08 11.12.2019|php2hw/index.php?c=cart&act=cart|
|23:35:13 11.12.2019|php2hw/index.php?c=cart&act=cart|
|23:35:28 11.12.2019|php2hw/index.php?c=cart&act=cart|
|23:35:28 11.12.2019|php2hw/index.php?c=cart&act=cart|
|23:35:31 11.12.2019|php2hw/index.php?c=cart&act=cart|
|23:35:32 11.12.2019|php2hw/index.php?c=cart&act=cart|
|23:35:35 11.12.2019|php2hw/index.php?c=cart&act=cart|
|23:35:36 11.12.2019|php2hw/index.php?c=cart&act=cart|
|23:36:02 11.12.2019|php2hw/index.php?c=cart&act=cart|
|23:36:08 11.12.2019|php2hw/index.php?c=cart&act=cart|
|23:36:27 11.12.2019|php2hw/index.php?c=cart&act=cart|
|23:36:42 11.12.2019|php2hw/index.php?c=cart&act=cart|
|23:36:54 11.12.2019|php2hw/index.php?c=cart&act=cart|
|23:36:55 11.12.2019|php2hw/index.php?c=cart&act=cart|
|23:36:55 11.12.2019|php2hw/index.php?c=cart&act=cart|
|23:37:00 11.12.2019|php2hw/index.php?c=cart&act=cart|
|23:37:00 11.12.2019|php2hw/index.php?c=cart&act=cart|
|23:37:04 11.12.2019|php2hw/index.php|
|23:37:05 11.12.2019|php2hw/index.php|
|23:37:05 11.12.2019|php2hw/index.php|
|23:37:06 11.12.2019|php2hw/index.php|
|23:37:06 11.12.2019|php2hw/index.php|
|23:37:07 11.12.2019|php2hw/index.php?c=cart&act=cart|
|23:37:09 11.12.2019|php2hw/index.php?c=cart&act=cart|
|23:37:09 11.12.2019|php2hw/index.php?c=cart&act=cart|
|23:37:11 11.12.2019|php2hw/index.php|
|23:37:45 11.12.2019|php2hw/index.php?page=product4|
|23:37:45 11.12.2019|php2hw/index.php?page=product4|
|23:37:46 11.12.2019|php2hw/index.php?c=cart&act=cart|
|23:37:48 11.12.2019|php2hw/index.php?page=product4|
|23:39:23 11.12.2019|php2hw/index.php?page=product4|
|23:40:07 11.12.2019|php2hw/index.php?page=product4|
|23:40:09 11.12.2019|php2hw/index.php?page=product4|
|23:40:09 11.12.2019|php2hw/index.php?page=product4|
|23:40:11 11.12.2019|php2hw/index.php?page=product4|
|23:40:12 11.12.2019|php2hw/index.php?page=product4|
|23:40:18 11.12.2019|php2hw/index.php?page=product4|
|23:40:18 11.12.2019|php2hw/index.php?page=product4|
|23:46:48 11.12.2019|php2hw/index.php?page=product4|
|23:47:03 11.12.2019|php2hw/index.php?page=product4|
|23:47:07 11.12.2019|php2hw/index.php?c=cart&act=cart|
|23:49:51 11.12.2019|php2hw/index.php?c=cart&act=cart|
|23:50:30 11.12.2019|php2hw/index.php?c=cart&act=cart|
|23:50:32 11.12.2019|php2hw/index.php?c=cart&act=cart|
|23:52:26 11.12.2019|php2hw/index.php?c=cart&act=cart|
|23:52:27 11.12.2019|php2hw/index.php?c=cart&act=cart|
|23:52:27 11.12.2019|php2hw/index.php?c=cart&act=cart|
|23:52:29 11.12.2019|php2hw/index.php?c=cart&act=cart|
|23:52:44 11.12.2019|php2hw/index.php?c=cart&act=cart|
|23:52:44 11.12.2019|php2hw/index.php?c=cart&act=cart|
|23:52:46 11.12.2019|php2hw/index.php?c=cart&act=cart|
|23:52:46 11.12.2019|php2hw/index.php?c=cart&act=cart|
|23:53:37 11.12.2019|php2hw/index.php?c=cart&act=cart|
|23:53:39 11.12.2019|php2hw/index.php|
|23:53:40 11.12.2019|php2hw/index.php|
|23:53:40 11.12.2019|php2hw/index.php|
|23:53:41 11.12.2019|php2hw/index.php|
|23:53:41 11.12.2019|php2hw/index.php|
|23:53:42 11.12.2019|php2hw/index.php|
|23:53:42 11.12.2019|php2hw/index.php|
|23:53:43 11.12.2019|php2hw/index.php?c=cart&act=cart|
|23:53:47 11.12.2019|php2hw/index.php?c=cart&act=cart|
|23:53:47 11.12.2019|php2hw/index.php?c=cart&act=cart|
|23:53:54 11.12.2019|php2hw/index.php|
|23:57:34 11.12.2019|php2hw/index.php|
|23:57:35 11.12.2019|php2hw/index.php?c=cart&act=cart|
|23:57:36 11.12.2019|php2hw/index.php?c=cart&act=cart|
|23:57:36 11.12.2019|php2hw/index.php?c=cart&act=cart|
|23:57:42 11.12.2019|php2hw/index.php?c=cart&act=cart|
|23:57:42 11.12.2019|php2hw/index.php?c=cart&act=cart|
|23:57:44 11.12.2019|php2hw/index.php?c=cart&act=cart|
|23:57:45 11.12.2019|php2hw/index.php?c=cart&act=cart|
|23:57:46 11.12.2019|php2hw/index.php|
|23:57:47 11.12.2019|php2hw/index.php|
|23:57:47 11.12.2019|php2hw/index.php|
|23:57:48 11.12.2019|php2hw/index.php?c=cart&act=cart|
|23:57:49 11.12.2019|php2hw/index.php?c=cart&act=cart|
|23:57:49 11.12.2019|php2hw/index.php?c=cart&act=cart|
|23:57:51 11.12.2019|php2hw/index.php?c=cart&act=cart|
|23:57:54 11.12.2019|php2hw/index.php?c=cart&act=cart|
|23:57:55 11.12.2019|php2hw/index.php|
|23:59:20 11.12.2019|php2hw/index.php|
|23:59:21 11.12.2019|php2hw/index.php?c=cart&act=cart|
|23:59:22 11.12.2019|php2hw/index.php?c=cart&act=cart|
|23:59:22 11.12.2019|php2hw/index.php?c=cart&act=ordered|
|23:59:26 11.12.2019|php2hw/index.php?c=cart&act=cart|
|23:59:36 11.12.2019|php2hw/index.php?c=cart&act=cart|
|23:59:37 11.12.2019|php2hw/index.php?c=cart&act=cart|
|23:59:37 11.12.2019|php2hw/index.php?c=cart&act=ordered|
|00:00:11 12.12.2019|php2hw/index.php?c=cart&act=ordered|
|00:00:42 12.12.2019|php2hw/index.php?c=cart&act=ordered|
|00:01:15 12.12.2019|php2hw/index.php?c=cart&act=ordered|
|00:01:27 12.12.2019|php2hw/index.php?c=cart&act=ordered|
|00:01:28 12.12.2019|php2hw/index.php?c=cart&act=ordered|
|00:01:34 12.12.2019|php2hw/index.php?c=cart&act=ordered|
|00:01:52 12.12.2019|php2hw/index.php?c=cart&act=cart|
|00:01:55 12.12.2019|php2hw/index.php?c=cart&act=ordered|
|00:02:45 12.12.2019|php2hw/index.php?c=cart&act=ordered|
|00:02:46 12.12.2019|php2hw/index.php|
|00:02:47 12.12.2019|php2hw/index.php?c=cart&act=cart|
|00:02:49 12.12.2019|php2hw/index.php|
|00:02:50 12.12.2019|php2hw/index.php?c=cart&act=cart|
|00:02:51 12.12.2019|php2hw/index.php|
|00:03:00 12.12.2019|php2hw/index.php|
|00:03:57 12.12.2019|php2hw/index.php?page=product1|
|00:03:59 12.12.2019|php2hw/index.php|
|00:05:25 12.12.2019|php2hw/index.php|
|00:05:26 12.12.2019|php2hw/index.php?c=page&act=product&id=1|
|00:05:30 12.12.2019|php2hw/index.php|
|00:07:53 12.12.2019|php2hw/index.php?c=page&act=product&id=1|
|00:07:58 12.12.2019|php2hw/index.php|
|00:08:22 12.12.2019|php2hw/index.php|
|00:08:23 12.12.2019|php2hw/index.php?c=page&act=product&id=1|
|00:08:24 12.12.2019|php2hw/index.php|
|00:10:35 12.12.2019|php2hw/index.php?c=page&act=product&id=1|
|00:10:38 12.12.2019|php2hw/index.php?page=1|
|00:10:41 12.12.2019|php2hw/index.php?page=1|
|00:10:59 12.12.2019|php2hw/index.php?page=1|
|00:11:00 12.12.2019|php2hw/index.php?c=page&act=product&id=2|
|00:11:00 12.12.2019|php2hw/index.php|
|00:11:01 12.12.2019|php2hw/index.php|
|00:12:57 12.12.2019|php2hw/index.php?c=page&act=product&id=2|
|00:16:55 12.12.2019|php2hw/index.php?c=page&act=product&id=2|
|00:18:01 12.12.2019|php2hw/index.php?c=page&act=product&id=2|
|00:18:19 12.12.2019|php2hw/index.php?c=page&act=product&id=2|
|00:18:41 12.12.2019|php2hw/index.php?c=page&act=product&id=2|
|00:19:00 12.12.2019|php2hw/index.php?c=page&act=product&id=2|
|00:19:50 12.12.2019|php2hw/index.php?c=page&act=product&id=2|
|00:19:52 12.12.2019|php2hw/index.php|
|00:20:00 12.12.2019|php2hw/index.php|
|00:21:48 12.12.2019|php2hw/index.php|
|00:21:57 12.12.2019|php2hw/index.php|
|00:22:11 12.12.2019|php2hw/index.php?c=page&act=product&id=2|
|00:22:13 12.12.2019|php2hw/index.php|
|00:22:14 12.12.2019|php2hw/index.php?c=page&act=product&id=2|
|00:22:18 12.12.2019|php2hw/index.php|
|00:22:18 12.12.2019|php2hw/index.php|
|00:22:44 12.12.2019|php2hw/index.php?c=page&act=product&id=2|
|00:23:22 12.12.2019|php2hw/index.php?c=page&act=product&id=2|
|00:23:26 12.12.2019|php2hw/index.php|
|00:23:28 12.12.2019|php2hw/index.php?c=page&act=product&id=1|
|00:23:29 12.12.2019|php2hw/index.php|
|00:23:30 12.12.2019|php2hw/index.php?c=page&act=product&id=3|
|00:23:32 12.12.2019|php2hw/index.php|
|00:23:40 12.12.2019|php2hw/index.php?c=page&act=product&id=4|
|00:23:42 12.12.2019|php2hw/index.php|
|00:23:43 12.12.2019|php2hw/index.php?c=page&act=product&id=2|
|00:23:45 12.12.2019|php2hw/index.php|
|00:23:47 12.12.2019|php2hw/index.php|
|00:23:48 12.12.2019|php2hw/index.php?c=page&act=product&id=2|
|00:23:50 12.12.2019|php2hw/index.php|
|00:23:50 12.12.2019|php2hw/index.php|
|00:24:02 12.12.2019|php2hw/index.php|
|00:24:52 12.12.2019|php2hw/index.php|
|00:24:54 12.12.2019|php2hw/index.php?c=page&act=product&id=2|
|00:25:15 12.12.2019|php2hw/index.php?c=page&act=product&id=2|
|00:25:23 12.12.2019|php2hw/index.php?c=page&act=product&id=2|
|00:25:59 12.12.2019|php2hw/index.php?c=page&act=product&id=2|
|00:26:01 12.12.2019|php2hw/index.php|
|00:26:02 12.12.2019|php2hw/index.php|
|00:26:03 12.12.2019|php2hw/index.php?c=page&act=product&id=1|
|00:26:05 12.12.2019|php2hw/index.php|
|00:26:06 12.12.2019|php2hw/index.php|
|00:26:07 12.12.2019|php2hw/index.php?c=page&act=product&id=2|
|00:26:08 12.12.2019|php2hw/index.php|
|00:26:36 12.12.2019|php2hw/index.php|
|00:26:38 12.12.2019|php2hw/index.php?c=page&act=product&id=2|
|00:27:17 12.12.2019|php2hw/index.php|
|00:27:18 12.12.2019|php2hw/index.php|
|00:27:19 12.12.2019|php2hw/index.php?c=page&act=product&id=2|
|00:28:12 12.12.2019|php2hw/index.php?c=page&act=product&id=2|
|00:28:14 12.12.2019|php2hw/index.php|
|00:28:15 12.12.2019|php2hw/index.php|
|00:28:16 12.12.2019|php2hw/index.php?c=page&act=product&id=2|
|00:28:18 12.12.2019|php2hw/index.php|
|00:28:18 12.12.2019|php2hw/index.php|
|00:28:26 12.12.2019|php2hw/index.php|
|00:28:28 12.12.2019|php2hw/index.php?c=page&act=product&id=2|
|00:28:30 12.12.2019|php2hw/index.php|
|00:28:31 12.12.2019|php2hw/index.php?c=page&act=product&id=1|
|00:28:32 12.12.2019|php2hw/index.php|
|00:28:43 12.12.2019|php2hw/index.php|
|00:28:49 12.12.2019|php2hw/index.php?c=cart&act=cart|
|00:28:51 12.12.2019|php2hw/index.php|
|00:29:51 12.12.2019|php2hw/index.php|
|00:29:52 12.12.2019|php2hw/index.php?c=cart&act=cart|
|00:29:55 12.12.2019|php2hw/index.php|
|00:30:09 12.12.2019|php2hw/index.php|
|00:30:09 12.12.2019|php2hw/index.php?c=cart&act=cart|
|00:30:11 12.12.2019|php2hw/index.php|
|00:30:12 12.12.2019|php2hw/index.php?c=cart&act=cart|
|00:30:13 12.12.2019|php2hw/index.php|
|00:30:16 12.12.2019|php2hw/index.php?c=page&act=product&id=2|
|00:30:17 12.12.2019|php2hw/index.php?c=page&act=product&id=2|
|00:30:23 12.12.2019|php2hw/index.php?c=page&act=product&id=2|
|00:31:37 12.12.2019|php2hw/index.php?c=page&act=product&id=2|
|00:31:38 12.12.2019|php2hw/index.php?c=page&act=product&id=2|
|00:31:39 12.12.2019|php2hw/index.php?c=page&act=product&id=2|
|00:32:24 12.12.2019|php2hw/index.php?c=page&act=product&id=2|
|00:32:25 12.12.2019|php2hw/index.php?c=page&act=product&id=2|
|00:32:51 12.12.2019|php2hw/index.php?c=page&act=product&id=2|
|00:32:52 12.12.2019|php2hw/index.php?c=page&act=product&id=2|
|00:33:21 12.12.2019|php2hw/index.php?c=page&act=product&id=2|
|00:33:21 12.12.2019|php2hw/index.php|
|00:33:23 12.12.2019|php2hw/index.php|
|00:33:25 12.12.2019|php2hw/index.php|
|00:33:25 12.12.2019|php2hw/index.php|
|00:33:27 12.12.2019|php2hw/index.php?c=page&act=product&id=2|
|00:33:28 12.12.2019|php2hw/index.php?c=page&act=product&id=2|
|00:33:28 12.12.2019|php2hw/index.php|
|00:33:31 12.12.2019|php2hw/index.php|
|00:33:31 12.12.2019|php2hw/index.php|
|00:33:41 12.12.2019|php2hw/index.php?c=page&act=product&id=2|
|00:33:42 12.12.2019|php2hw/index.php?c=page&act=product&id=2|
|00:33:42 12.12.2019|php2hw/index.php|
|00:33:59 12.12.2019|php2hw/index.php|
|00:35:07 12.12.2019|php2hw/index.php?c=user&act=auth|
|00:35:15 12.12.2019|php2hw/index.php?c=user&act=auth|
|00:35:15 12.12.2019|php2hw/index.php|
|00:35:17 12.12.2019|php2hw/index.php?c=user&act=cabinet|
|00:36:57 12.12.2019|php2hw/index.php?c=user&act=cabinet|
|00:37:22 12.12.2019|php2hw/index.php?c=user&act=cabinet|
|00:37:39 12.12.2019|php2hw/index.php?c=user&act=cabinet|
|00:38:13 12.12.2019|php2hw/index.php?c=user&act=cabinet|
|00:39:33 12.12.2019|php2hw/index.php?c=user&act=cabinet|
|00:39:45 12.12.2019|php2hw/index.php?c=user&act=cabinet|
|00:40:10 12.12.2019|php2hw/index.php?c=user&act=cabinet|
|00:40:23 12.12.2019|php2hw/index.php?c=user&act=cabinet|
|00:40:39 12.12.2019|php2hw/index.php?c=user&act=cabinet|
|00:40:40 12.12.2019|php2hw/index.php?c=user&act=cabinet|
|00:41:19 12.12.2019|php2hw/index.php?c=user&act=cabinet|
|00:41:20 12.12.2019|php2hw/index.php?c=user&act=cabinet|
|00:41:25 12.12.2019|php2hw/index.php?c=user&act=cabinet|
|00:41:33 12.12.2019|php2hw/index.php?c=user&act=cabinet|
|00:41:46 12.12.2019|php2hw/index.php?c=user&act=cabinet|
|00:43:38 12.12.2019|php2hw/index.php?c=user&act=cabinet|
|00:43:47 12.12.2019|php2hw/index.php|
|00:43:48 12.12.2019|php2hw/index.php?c=page&act=product&id=1|
|00:43:49 12.12.2019|php2hw/index.php|
|00:44:37 12.12.2019|php2hw/index.php|
|00:44:39 12.12.2019|php2hw/index.php?c=cart&act=cart|
|00:44:43 12.12.2019|php2hw/index.php?c=cart&act=cart|
|00:44:44 12.12.2019|php2hw/index.php?c=cart&act=cart|
|00:44:47 12.12.2019|php2hw/index.php?c=user&act=cabinet|
|00:45:29 12.12.2019|php2hw/index.php?c=user&act=cabinet|
|00:45:30 12.12.2019|php2hw/index.php?c=user&act=cabinet|
|00:45:35 12.12.2019|php2hw/index.php?c=user&act=cabinet|
|00:45:54 12.12.2019|php2hw/index.php?c=user&act=cabinet|
|00:45:55 12.12.2019|php2hw/index.php?c=user&act=cabinet|
|00:46:43 12.12.2019|php2hw/index.php?c=user&act=cabinet|
|00:46:45 12.12.2019|php2hw/index.php?c=user&act=cabinet|
|00:46:53 12.12.2019|php2hw/index.php?c=user&act=cabinet|
|00:47:06 12.12.2019|php2hw/index.php?c=user&act=cabinet|
|00:47:08 12.12.2019|php2hw/index.php?c=user&act=cabinet|
|00:47:14 12.12.2019|php2hw/index.php?c=user&act=cabinet|
1|00:48:00 12.12.2019|php2hw/index.php?c=user&act=cabinet|
1|00:48:40 12.12.2019|php2hw/index.php?c=user&act=cabinet|
1|00:51:51 12.12.2019|php2hw/index.php?c=user&act=cabinet|
1|00:52:02 12.12.2019|php2hw/index.php?c=user&act=cabinet|
1|00:52:04 12.12.2019|php2hw/index.php?c=user&act=cabinet|
1|00:52:04 12.12.2019|php2hw/index.php?c=user&act=cabinet|
1|00:52:05 12.12.2019|php2hw/index.php?c=user&act=cabinet|
1|00:52:05 12.12.2019|php2hw/index.php?c=user&act=cabinet|
1|00:52:05 12.12.2019|php2hw/index.php?c=user&act=cabinet|
1|00:52:26 12.12.2019|php2hw/index.php?c=user&act=cabinet|
1|00:52:27 12.12.2019|php2hw/index.php?c=user&act=cabinet|
1|00:52:33 12.12.2019|php2hw/index.php?c=user&act=cabinet|
1|00:52:54 12.12.2019|php2hw/index.php?c=user&act=cabinet|
1|00:52:58 12.12.2019|php2hw/index.php?c=user&act=cabinet|
1|00:53:12 12.12.2019|php2hw/index.php?c=user&act=cabinet|
1|00:53:59 12.12.2019|php2hw/index.php?c=user&act=cabinet|
1|00:54:20 12.12.2019|php2hw/index.php?c=user&act=cabinet|
1|00:54:33 12.12.2019|php2hw/index.php?c=user&act=cabinet|
1|00:54:41 12.12.2019|php2hw/index.php?c=user&act=cabinet|
1|00:54:44 12.12.2019|php2hw/index.php?c=user&act=cabinet|
1|00:55:22 12.12.2019|php2hw/index.php?c=user&act=cabinet|
1|00:55:24 12.12.2019|php2hw/index.php|
1|00:55:29 12.12.2019|php2hw/index.php|
1|00:55:30 12.12.2019|php2hw/index.php|
1|00:55:39 12.12.2019|php2hw/index.php?c=page&act=product&id=1|
1|00:55:41 12.12.2019|php2hw/index.php|
1|00:55:44 12.12.2019|php2hw/index.php?c=cart&act=cart|
1|01:03:27 12.12.2019|php2hw/index.php?c=cart&act=cart|
1|01:03:28 12.12.2019|php2hw/index.php?c=cart&act=cart|
1|01:03:29 12.12.2019|php2hw/index.php?c=cart&act=cart|
1|01:03:32 12.12.2019|php2hw/index.php?c=cart&act=cart|
1|01:03:33 12.12.2019|php2hw/index.php?c=cart&act=cart|
1|01:03:33 12.12.2019|php2hw/index.php?c=cart&act=cart|
1|01:03:38 12.12.2019|php2hw/index.php|
1|01:03:51 12.12.2019|php2hw/index.php|
1|01:03:52 12.12.2019|php2hw/index.php?c=cart&act=cart|
1|01:03:54 12.12.2019|php2hw/index.php|
1|01:03:55 12.12.2019|php2hw/index.php|
1|01:03:55 12.12.2019|php2hw/index.php|
1|01:03:55 12.12.2019|php2hw/index.php?c=cart&act=cart|
1|01:03:57 12.12.2019|php2hw/index.php|
1|01:03:58 12.12.2019|php2hw/index.php?c=cart&act=cart|
1|01:04:00 12.12.2019|php2hw/index.php|
1|01:04:10 12.12.2019|php2hw/index.php|
1|01:04:10 12.12.2019|php2hw/index.php?c=cart&act=cart|
1|01:04:14 12.12.2019|php2hw/index.php|
1|01:04:17 12.12.2019|php2hw/index.php|
1|01:10:53 12.12.2019|php2hw/index.php|
1|20:34:03 12.12.2019|php2hw/index.php|
1|20:34:03 12.12.2019|php2hw/index.php|
1|20:36:06 12.12.2019|php2hw/index.php|
1|20:36:07 12.12.2019|php2hw/index.php|
1|21:10:49 12.12.2019|php2hw/index.php|
1|21:22:20 12.12.2019|php2hw/index.php|
1|21:22:21 12.12.2019|php2hw/index.php?c=cart&act=cart|
1|21:22:25 12.12.2019|php2hw/index.php?c=cart&act=cart|
1|21:22:26 12.12.2019|php2hw/index.php?c=user&act=cabinet|
1|21:22:30 12.12.2019|php2hw/index.php|
1|20:27:43 15.12.2019|php2hw/index.php|
1|20:27:54 15.12.2019|php2hw/index.php|
1|20:57:21 15.12.2019|php2hw/index.php|
1|20:57:50 15.12.2019|php2hw/index.php|
1|20:58:15 15.12.2019|php2hw/index.php|
1|20:58:16 15.12.2019|php2hw/index.php|
1|20:58:17 15.12.2019|php2hw/index.php|
1|20:58:21 15.12.2019|php2hw/index.php?c=cart&act=cart|
1|20:58:24 15.12.2019|php2hw/index.php?c=user&act=cabinet|
1|20:58:27 15.12.2019|php2hw/index.php?c=user&act=cabinet|
1|20:58:28 15.12.2019|php2hw/index.php?c=user&act=cabinet|
1|20:58:29 15.12.2019|php2hw/index.php|
1|21:00:11 15.12.2019|php2hw/index.php|
1|21:42:43 15.12.2019|php2hw/index.php?c=user&act=cabinet|
1|21:42:45 15.12.2019|php2hw/index.php?c=user&act=cabinet|
1|22:20:24 15.12.2019|php2hw/index.php?c=user&act=cabinet|
1|22:20:26 15.12.2019|php2hw/index.php?c=user&act=cabinet|
